b'\x00\n\x17\x10T\x11\x138\x10 >\x17Du+\'A1\x00+M\x03\x16\x00\x11\x17\x17D>\x00h\x117\x1dY\x00\x7fS"\x04\x07\x06TR\x0b\x01*^\r<\x1e9\x12@#W\x1b\x1b\x1f\x19/V!FU"\n\x0b\x0cm\x0f\x12'
b'\x1f\x0e\x06\x17\x1d\x05\x1a;\x10$4\x10\\9,h\x12#\x067M\x00\x00T\r\x1d\x12D+\x1bh\x04)\x17Y\x16\x7fC$\x17\x00\x1c\x13URO*]\x0c+\x05)\x07MmV\x00\x07\x17K4\x195\x07T9\n\x1cI/\x15]'
b'\x0b\x03\n\x14T\x10\x0e;^2-\x18R<3!\x15?\x00,M\x15\x1b\x15\x11R\x15\x08>\x13=\x00\x7f\x16U\x06(_"\x0eA\x13\x1aTRh1D\x0c+\x02/\x12\x01>\\\x14\x01\x0fX5\\xFx%\x1aX\x1e$\x00\x11'
b'\x0e\x06\x11\n\x1a\x01[=_"-\x17U,qh(0E&\x02\x14S\x10\x00\x16\x0c\x07>\x00-E&\x17E\x00,U<\x03A\x06\x1b\x10\x1eD>B\x070\x02-FU%VR\x16\x17W$\\&\x12Rj\x06\x16I9\x04\x14'
b'\x0c\x1d\x00C\x17\t\x16\'_9:\x17D&\x7f<\t7\x11\x7f\x1d\x04\x01\x12\n\x00\x08D,\x1d%\x0c3\x19BR9E>\x06\x15\x1b\x1b^\x01\x0f\x7fd\x010\x1fj\x04N"XR\x1c\x0b\x190K?\x12U/\x01X\x0f"\x1e]'
b'\x1f\x1cKC-\t\x0ewG>3\x15\x109:)\x138E7\x02\x16S\x00\nR\n\x14+\x1d%\x0c%\x1d\x10\x0b0E"E"R\x17_\x16D\x7fR\x10y\x199\x0fO*\x13\x11\x19\x1dO"Kv\x12S#\x0c\x13\x1am\x18\x15'
b"\x0c\x1dE\x0b\x15\x14\x1f Q%:YQ;;h\x129\x03+\x1a\x00\x01\x11E\x11\n\t/\x1b&\x001\x0cCR+X1\x11A\x02\x11B\x14N-]I*\x05'\x0fM,AR\x13\rW$M?\tO9AX=%\x05\x0e"
b'\x05\x0e\x11C\x04\n\x1a0E2\x7f\x17U!(\'\x13=E>\x03\x05S=\x0b\x06\x00\x161\x11<E,\x17V\x06(Q"\x00OR-_\x07\x01(Y\x055L&\x03@?]R\x1d\x17NgM9FS/\x0c\x17\x0e#\x05\x07'
b'\x03\x0bE\x10\x1b\x00\x0f Q%:YS:28\x0e8\x001\x19\x12S\x00\r\x13\x11D/\x11:\x030\n]R,Y=\x0c\r\x13\x06\x10\x14T1S\x1d0\x03$\x15\x0fmg\x1a\x1c\x0b\x19%V9\r\x01#\x1cX\x1e?\x05\t'
b'M\x0c\n\x11\x06\x03\x18#^2,\n\x1041,A&\x00-\x0b\x0e\x01\x19\x04\x1c\x06\x01\x7f\x1b.E+\x10U\x1b-\x10 \x17\x0e\x15\x06Q\x1fRq\x1006\x19j\x07S(\x13\x02\x1a\x11J"]v\x00N8O\x19\x07m\t\x05'
b'\x01\x03\n\x00\x15\x12\x128^w/\x18S>>/\x04zE>\x03\x05S\x11\x13\x17\x0bD&\x1b=\x17\x7f\x17G\x1c\x7fg5\x07A\x01\x11B\x04D-\x1eI\x00\x03?FV$_\x1eU\x14\\&K8FU"\nX\x19?\x03\x10'
b"\x0e\n\x16\x10\x1b\x14\x08wQ9;Y]02'\x13/E,\x14\x12\x07\x11\x08\x01KD\x06\x1b=E(\x11\\\x1e\x7f\\5\x04\x13\x1cTX\x1dV\x7fD\x01<L)\tL=Z\x1e\x10\n\x19.T&\nD'\n\x16\x1d>L\r"
b'\x1e\x1cE\x02\x1a\x02[\'U%9\x16B8>&\x023E0\x0bA\x07\x1c\x00\x1b\x17D/\x06\'\x02-\x19]\x01q\x10\t\n\x14R\x15B\x17\x01/_\x00*\t.FG"AR\x14\x16\x19"A5\x0fU#\x01\x1fI\'\x03\x08'
b'\x0c\x01\x01C\x11\x10\x1e9\x10.0\x0cBu0?\x0fv2:\x0fA\x00\x11\x17\x04\x00\x16qT\x11\n*XG\x1b3\\p\t\x04\x13\x06^RU7UI)\x1e%\x0bH>V\x01U\x19W#\x19&\x0fU,\x0e\x14\x05>L\x12'
b'\x08\x1dE\x13\x06\t\x1c%Q:2\x1cBy\xbd\xc8\xfcv\x001\x01\x08\x14\x1c\x11\x17\x0b\x01;T*\x1c\x7f\x19^R*^4\x00\x13\x01\x00Q\x1cE6^\x0ey\x03,FU%VR\x00\x16]"K:\x1fH$\x08X\n"\x01\r'
b'M\x0e\x0b\x07T\x16\x1e%V8-\x14Q;<-A9\x03\x7f\x19\t\x16\x1d\x17R\x15\x160\x13:\x042\x0b\x1eR\x06_%E\x00\x00\x11\x10\x02N6C\x0c=L,\tSmR\x1cU\x1dA$P"\x0fO-O\x12\x068\x1e\x13'
b'\nO\x0f\x0c\x01\x14\x152Iy\x7f0Vu&\'\x14v\x01:\t\x08\x10\x15\x11\x17E\x1d0\x01:\x16:\x14VR+_p\t\x04\x13\x06^\x1bO8\x10\x1d1\tj\x05N#P\x17\x05\x0cJgP8FU"\x06\x0bI/\x03\x12'
b'\x1f\x1d\x00\x00\x00\x08\x1e$Cw>\x17Tu/-\x130\n-\x00\x00\x1d\x17\x00R\n\x02\x7f\x00 \x006\n\x10\x02-_7\x17\x00\x1f\x07\x1eRx0EI8\x1e/FQ"Z\x01\x10\x1c\x19!V$F@$O\x1d\x11.\x05\t'
b'\x02O\x02\x06\x00F\x192D#:\x0b\x104+h\x15>\x006\x1fA\x10\x06\x04\x14\x11D=\rh\x101\x1cU\x00,D1\x0b\x05\x1b\x1aWRI0GI-\x04/\x15DmP\x1d\x18\x08V)\\8\x12Rj\x18\x17\x1b&L\x1c'
b'\x1a\x06\t\x0fT\n\x1e6B9\x7f\x11_"\x7f<\t3E<\x02\x0c\x03\x1d\t\x17\x17D6\x198\t:\x15U\x1c+Cp\x15\x13\x1d\x17U\x16T-UI:\r&\nRmR\x1c\x11XQ(Nv\x12Nj\x1a\x0b\x0cm\x18\x15'
b"\x1f\x1d\n\x11\x07F\x186E$:\x1d\x107&h\x15>\x00\x7f\x1a\x00\nT\x11\x1a\x04\x10\x7f\x17'\x08/\rD\x17-Cp\x17\x04\x02\x06U\x01D1DI7\x19'\x04D?@\\U!V2\x19!\x0fM&O\x14\x0c,\x1e\x13"
b'M\x07\n\x14T\x12\x14wQ!0\x10Tu,<\x137\x0b8\x08A\x1d\x01\x08\x17\x17\r<\x15$E:\nB\x1d-Cp\x06\x00\x07\x07U\x16\x01=II-\x04/FV,JR\x01\x10X3\x195\tL:\x1a\x0c\x0c?\x1f]'
b'\x01\n\x04\x11\x1aF\x0b%Q4+\x10S43h\x12=\x0c3\x01\x12S\x07\x10\x11\rD>\x07h\r0\x0f\x10\x060\x101\x13\x0e\x1b\x10\x10\x01U-Q\x07>\tj\x08T V\x00\x1c\x1bX+\x193\x14S%\x1d\x0bI.\r\x08'
b'\x08CE\x02\x1a\x02[2F21YI:*:A9\x121M6\x16\x16E\x01\x00\x16)\x11:K\x7f!_\x07\x7fG9\t\rR\x18U\x13S1\x10\x1d1\tj\x16S"^\x1b\x06\x1dJgX8\x02\x01:\x06\x0c\x0f,\x00\x11'
b'\nO\n\x05T\x12\x132\x10"1\x1dU\'31\x088\x02\x7f\x0e\x0e\x1e\x04\x10\x06\x00\x16\x7f\x071\x16+\x1d]R>^4E\x08\x06\x07\x10\x1bL/Q\n-L%\x08\x014\\\x07\x07XX7I:\x0fB+\x1b\x11\x06#L\r'
b'\x02\x1a\x17C\x1b\x11\x15wg2=YC0->\x04$K\x7f4\x0e\x06T\x12\x1b\t\x08\x7f\x18-\x04-\x16\x10\x067Up\x15\x13\x1d\x19Y\x01D,\x10\x087\x08j\x16H9U\x13\x19\x14JgV0FB%\x01\x1b\x1c?\x1e\x18'
b'M\x0e\x13\x06\x06\x07\x1c2\x10\'-\x16W\'>%\x0c3\x17qM8\x1c\x01E\x05\x0c\x083T$\x00>\n^R7_\'E\x15\x1dTG\x00H+UI \x03?\x14\x01"D\x1cU-W.Av\x15I/\x03\x14Em\x15\x12'
b'\x04\x1cE\x08\x1a\t\x0c;U38\x1c\x10!0h\x00 \n6\tA\x07\x1c\x00R\x16\x01<\x01:\x0c+\x01\x10\x1a0\\5\x16A\x14\x06_\x1f\x01=E\x0f?\t8FN;V\x00\x13\x14V0\x19 \x13M$\n\n\x08/\x05\x11'
b'\x00\x1cKC\'\x16\x1e4Y16\x1a\x10<28\r3\x08:\x03\x15\x12\x00\x0c\x1d\x0b\x17\x7f\x1b.E,\x01C\x06:]#E\x02\x1a\x15^\x15D\x7f_\x1f<\x1ej\x12H V^U\x1aL3\x19"\x0eDj\x1a\x16\r(\x1e\x11'
b'\x0c\x01\x01C=\x08\x0f2B9:\r\x10&0.\x15!\x04-\x08OS-\n\x07E\x136\x18$E3\x1dQ\x001\x108\n\x16R\x00_RS:S\x06>\x02#\x1cDmR\x1c\x11XX1V?\x02\x01>\x07\x1dI#\r\x0e'
b'M\x16\n\x16\x06\x15\x1e;Vw+\x16\x109:)\x138\x0c1\nA\x07\x1c\x00R\x06\x0b1\x17-\x15+\x0b\x10\x1b1\x10$\r\x08\x01TR\x1dN4\x1cI-\x04/\x08\x014\\\x07U\x0fP+Uv\x04Dj\x00\x16I4\x03\x08'
b'\x1d\x1b\x16C\x10\t[9_#qYq93h\x029\x08/\x18\x15\x16\x06E\x01\x1c\x17+\x11%\x16\x7f\x10Q\x04:\x10#\x0c\x0c\x1b\x18Q\x00\x017Q\x1b=\x1b+\x14DmR\x1c\x11XJ(_"\x11@8\nX\n"\x01\r'
b'M&\x0b\x17\x11\x14\x152Dw,\x16V!()\x133K\x7f4\x0e\x06T\x12\x1b\t\x08\x7f\x18-\x04-\x16\x10\x1a0Gp\x11\x0eR\x06U\x11N8^\x00#\tj\x07O)\x13\x13\x03\x17P#\x19"\x0eDj\x01\x19\x1a9\x15]'
b"\x0c\x02\x16MT5\x0b2S>9\x10Su6%\x11:\x002\x08\x0f\x07\x15\x11\x1b\n\n,T'\x03\x7f\x0bI\x01+U=\x16A\x11\x1cQ\x1cF:\x10\x06/\t8FU$^\x17YX[2Mv\x12I/O\r\x07)\t\x0f"
b'\x03\x0b\x00\x11\x07\x12\x1a9T>1\x1e\x10=0?A"\r:\x1e\x04S\x17\n\x1f\x15\x0b1\x11&\x11,XG\x1d-[p\x04\x0f\x16TX\x1dV\x7fD\x01<\x15j\x07G+V\x11\x01XM/\\v\x05N8\x1d\x1d\n9\x02\x18'
b'\x04\x0c\x04\x0fT\x03\t%_%,YS4*;\x042E=\x14A\x07\x1c\x00R\x12\x05&T<\r>\x0c\x10\x110] \x10\x15\x17\x06CRS:@\x1b<\x1f/\x08Um]\x07\x18\x1a\\5JxFx%\x1aX\x1e$\x00\x11'
b'\x01\x03E\x0f\x11\x07\t9\x10#7\x1c\x10%-\'\x0c?\x16:\x1eA\x12\x1a\x01R\x15\r+\x12)\t3\x0b\x10\x1d9\x103\n\x0f\x11\x01B\x00D1S\x10uL+FU"C\x1b\x16XV!\x19?\x08B8\n\x19\x1a$\x02\x1a'
b'\x1f\x19\x00\x11ZF"8Ew(\x10\\9\x7f$\x047\x171M\x15\x1b\x11E\x02\x17\x0b2\x1d;\x00,XQ\x1c;\x10 \x0c\x15\x14\x15\\\x1eR\x7f_\x0fy\x0f%\x08B8A\x00\x10\x16Z>\x15v\x07\x01>\x00\x08\x00.L\x12'
b'M\x0b\x10\x11\x1d\x08\x1cw\\>1\x12Y;8h\x15>\x04+M\x02\x1c\x1a\x03\x1d\x10\n;T<\r:XQ\x04:B1\x02\x04R\x04B\x1dF-Q\x044\t8H\x01\x14\\\x07U\x0fP+Uv\nD+\x1d\x16I%\x03\n'
b'\x0c\x1d\x0bC\x1c\t\x0cwD8\x7f\x16@!6%\x08,\x00\x7f\x14\x0e\x06\x06E1E\x070\x10-E=\x01\x10\x07,Y>\x02A\x11\x18U\x04D-\x10\x1d+\x05)\rRmG\x1a\x14\x0c\x19"A&\nN#\x1bX\x1d%\t]'
b'\x0b\x0e\t\x0f\x07F\x141\x1040\x17S -:\x048\x06&AA\x12T\x11\x1d\x15\r<T\'\x03\x7f\x11^\x11-U1\x16\x08\x1c\x13\x10\x1bL/_\x1b-\r$\x05DmR\x01U\x15L+M?\x16M/O\x08\x1b"\x0f\x18'
b'\x03\x0c\x00\x13\x00\x15[3_w1\x16D{\x7f\t\r:E<\x02\x0c\x03\x01\x11\x17\x17D,\r;\x11:\x15CR7Q&\x00A\x01\x1d]\x1bM>BI1\r8\x02V,A\x17U\x19W#\x19%\tG>\x18\x19\x1b(L\x1e'
b"\x08\x0e\x17\r\x1d\x08\x1cwD?:YS:1+\x04&\x11,M\x08\x1dT\x11\x1a\x0c\x17\x7f\x16'\n4T\x10\x067U>E\x18\x1d\x01\x10\x05H3\\I;\tj\tOmJ\x1d\x00\n\x190X/FU%O\x1a\x0c.\x03\x10"
b'\x02\x1dE\x13\x06\t\x1c%Q:2\x1cB&\x7f?\t9E(\x0c\x0f\x07T\x11\x1dE\x03:\x00h\x07:\x0cD\x17-\x101\x11A\x06\x1cU\x1bS\x7fS\x1b8\n>FC4\x13\x07\x1b\x1c\\5J"\x07O.\x06\x16\x0em\x04\x12'
b'\x1e\x16\x16\x17\x11\x0b\x08wS?>\x17W0\x7f\'\x173\x17\x7f\x19\x08\x1e\x11IR\x07\x11+T<\r:XE\x1c;U"\t\x18\x1b\x1aWRB0^\n<\x1c>\x15\x01)\\R\x1b\x17Mi\x19\x17\nMj\x0c\x17\x04=\x19\t'
b'\x1b\n\x17C\x00\x0f\x162\x1cw=\x0cDu+ \x04v\x101\t\x04\x01\x18\x1c\x1b\x0b\x03\x7f\x17\'\x0b<\x1d@\x06,\x104\nA\x1c\x1bD\\\x01\x1e\\\x05y\x0f%\x0bQ8G\x17\x07XJ>J"\x03L9O\x10\x08;\t]'
b'\x02\x0c\x00\x07\x01\x14\x1ewS63\x15Cu>&\x05v\r0\x1aA\x07\x1bE\x07\x16\x01\x7f\x00 \x0c,X[\x1c0G<\x00\x05\x15\x11\x10\x06N\x7fQ\x1f6\x05.FU%VR\x06\x1dZ2K?\x12Xj\x07\x17\x05(\x1f]'
b'\x04\x03\x04\x11T\x0e\x1a%T >\x0bUu>&\x05v\x160\x0b\x15\x04\x15\x17\x17E\x070\x198\n1\x1d^\x06,\x10$\r\x00\x06T@\x17S9_\x1b4L9\x0fL$_\x13\x07X_2W5\x12H%\x01\x0bGm8\x15'
b'\x1eO\x04\r\x10F\x138Gw+\x16\x10 ,-A"\r6\x1eA\x18\x1a\n\x05\t\x01;\x13-E+\x17\x10\x13)_9\x01A\x06\x1cURR:S\x1c+\x05>\x1f\x01%\\\x1e\x10\x0b\x19!K9\x0b\x01(\x1a\x1e\x0f(\x1e]'
b'4\x00\x10C\x03\x0f\x17;\x10;:\x18B;\x7f \x0e!E+\x05\x04S\x17\n\x1f\x15\r3\x11:E6\x15@\x1e:]5\x0b\x15\x01T@\x00N<U\r,\x1e/FB,_\x1e\x06XX)]v\x0eN=O\x0c\x06m\x19\x0e'
b"\x02\x1aE\x14\x1d\n\x17w\\2>\x0b^u7'\x16v\x110M\x16\x01\x1d\x11\x17E\x1d0\x01:E0\x0f^R\n^9\x1dA\x01\x1cU\x1eMs\x10\x106\x198FN:]R\x11\x01W&T?\x05\x019\x1b\x17\x1b,\x0b\x18"
b'\x02\x02\x15\n\x18\x03\twY:/\x15U8:&\x15%E/\x1f\x0e\x10\x11\x01\x07\x17\x01\x7f\x17)\t3\x0b\x10\x131Tp\r\x0e\x05TD\x1d\x01*C\x0cy\x18"\x0fRmX\x1c\x1a\x0fU"]1\x03\x01>\x00X\x08;\x03\x14'
b'\x0c\x1d\x0bC\x1c\t\x0cwD?:YS:28\x08:\x00-M\x08\x1e\x04\t\x17\x08\x011\x00;E/\n_\x11:T%\x17\x04R\x17Q\x1eM,\x10\x087\x08j\x0eN:\x13\x06\x1aXL4\\v\x12I#\x1cX\x02#\x03\n'
b'CO<\x0c\x01F\x0c>\\;\x7f\x15U4-&A>\n(M\x15\x1cT\x12\x00\x0c\x10:T1\n*\n\x10\x1d(^p0\x0f\x1b\x0c\x10\x01I:\\\x05uL3\tT?\x13\x1d\x02\x16\x19#@8\x07L#\x0cX\x1a9\x03\x0f'
b'M\x0e\x03\x05\x11\x05\x0fwD?:YS:-:\x045\x111\x08\x12\x00T\x04\x1c\x01D/\x11:\x030\n]\x131S5E\x0e\x14TD\x1aD6BI)\x1e%\x01S,^\x01[X`(Lv\x07S/O\x08\x06$\x1f\x18'
b'\x00\x1cKC-\t\x0ewG>3\x15\x109:)\x138E7\x02\x16S\x00\r\x17E\x070\x198\x0c3\x1dBR6] \t\x04\x1f\x11^\x06R\x7f@\x1b6\x0f/\x02T?VR\x16\x19U+Jv\x07O.O\x10\x06:L\t'
b'\x1fO\x15\x11\x1b\x01\t6]::\x0b\x1c\xb7\xdf\xd5A3\x0b3\x04\x06\x1b\x00\x00\x1c\x00\x00\x7f\x161E>\x16\x10\x071T5\x17\x12\x06\x15^\x16H1WI6\nj\x12I(\x13\x07\x1b\x1c\\5U/\x0fO-O\x1b\x06 \x1c\x08'
b'\x00O\x16\n\x19\x0f\x176Bw9\x0c^6+!\x0e8\x16qM5\x1b\x1d\x16R\x07\x0b0\x1fh\x0c,XG\x006D$\x00\x0fR\x12_\x00\x01/B\x06>\x1e+\x0bL(A\x01U\x0fQ(\x19!\x07O>O\x0c\x06m\x0b\x18'
b'\x0b\n\x17C\x1b\x10\x1e%V;0\x0e\x10#*$\x0f3\x17>\x0f\x08\x1f\x1d\x11\x1b\x00\x17\x7f\x00 \x04+X@\x1e>W%\x00A\x1c\x11D\x05N-[I8\x02.Fh#G\x17\x07\x16\\3\x19%\tG>\x18\x19\x1b(B]'
b"M\x08\x00\x17\x1c\x03\twD8\x7f\x0bE;\x7f)\x11&\t6\x0e\x00\x07\x1d\n\x1cE\x14-\x1b/\x17>\x15C\\\x7fc \x00\x02\x1b\x12Y\x11\x016]\x195\t'\x03O9R\x06\x1c\x17W4\x199\x00\x019\x16\x0b\x1d(\x01\x0e"
b"\x03\x08E\x17\x1bF\x172Q%1Y@'>+\x15?\x06>\x01A\x00\x1f\x0c\x1e\t\x17\x7f\x07=\x067XQ\x01\x7fX?\x12A\x06\x1b\x10\x13W0Y\ry\x1f>\x14@#T\x17U\x16L*\\$\x0fB+\x03X\x0c?\x1e\x12"
b'\x18\x01\x01C\x00\x0e\x1ewQ!:\x0bQ2:h\x11$\n8\x1f\x00\x1e\x19\x00\x00KD\x06\x1b=E(\x11\\\x1e\x7f\\5\x04\x13\x1cTX\x1dV\x7fD\x06y\x1b8\x0fU(\x13\x0b\x1a\rKgV!\x08\x01\x1f\x01\x11\x11m\x1f\x15'
b'\x1eAE7\x1c\x0f\x08wR80\x12\x10<,h\x16$\x0c+\x19\x04\x1dT\x03\x1d\x17D/\x06\'\x02-\x19]\x1f:B#E\x16\x1a\x1b\x10\x05@1DI-\x03j\x01D9\x13\x10\x10\x0cM"Kv\x07Uj\x1b\x10\x0c$\x1e]'
b'M\x1f\x17\x0c\x13\x14\x1a:]2-U\xd2\xd5\xc2h\x048\t6\n\t\x07\x11\x0b\x17\x01D=\rh\x041XE\x1c;U"\x16\x15\x13\x1aT\x1bO8\x10\x06?L>\x0eDmF\x1c\x11\x1dK+@?\x08Fj\x0c\x17\x04=\x19\t'
b'\x18O\x01\x06\x10\x0f\x186D2\x7f\x00_ -;\x04:\x03\x7f\x19\x0eS\x18\x00\x13\x17\n6\x1a/E+\x10UR<_>\x06\x04\x02\x00CRH1\x10\x1d1\x059FC"\\\x19YXM/\\8FX%\x1aX\x1e$\x00\x11'
b"\x02\x1aE\x14\x1d\n\x17w\\2>\x0b^u7'\x16v\x110M\x16\x01\x1d\x11\x17E\x1d0\x01:E0\x0f^R\n^9\x1dA\x01\x1cU\x1eMs\x10\x106\x198FN:]R\x11\x01W&T?\x05\x019\x1b\x17\x1b,\x0b\x18"
b'\x1b\n\x17\x02\x13\x03[\'B88\x0bQ82-\x13xE\x06\x02\x14S\x03\x0c\x1e\tD3\x11)\x171XX\x1d(\x10$\nA\x05\x06Y\x06D\x7fI\x06,\x1ej\tV#\x13\'\x1b\x11AgJ>\x03M&CX\x10"\x19\x0f'
b'\x08\x1b\r\x06\x06F\x0f8\x10%*\x17\x104/8\r?\x06>\x19\x08\x1c\x1aE\x02\x17\x0b8\x06)\x08,V\x10!/U3\x0c\x07\x1b\x17\x10\x1bL/\\\x0c4\t$\x12@9Z\x1d\x1b\x0b\x19(_v\x15X9\x1b\x1d\x04>L\x1e'
b'\x1f\x01\x0c\r\x13F\x0f?Uw<\x16^6:8\x15%E6\x03A\x07\x1c\x0c\x01E\x060\x1b#I\x7f\x0cX\x171\x10)\n\x14R\x03Y\x1eM\x7fR\x0cy\x03$FX"F\x00U\x0fX>\x19"\t\x01(\n\x1b\x06 \x05\x13'
b"\x04\n\x16C\x00\x0e\x1a#\x10'3\x18W :h\x0f3\x11(\x02\x13\x18T\x04\x1c\x01D\x16\x1a<\x00-\x16U\x06\x7fC?\x03\x15\x05\x15B\x17\x0f\x7fi\x06,L=\x0fM!\x13\x1e\x10\x19K)\x19>\tVj\x1b\x17I?\t\x1e"
b'\x18\x01E\x02\x04\x16\x17>S6+\x10_;\x7f8\x139\x02-\x0c\x0c\x00ZE!\x15\x01<\x1d.\x0c<XY\x1f/\\5\x08\x04\x1c\x00Q\x06H0^\x1ay\x03,FR4@\x06\x10\x15JgZ>\x07O-\nX\x06;\t\x0f'
b'\x01\x0e\x17C\x12\x13\x154D>0\x17C{\x7f\x1c\t?\x16\x7f\x0f\x0e\x1c\x1fE\x1b\x16D(\x06!\x11+\x1d^R9_"E\x11\x00\x1bW\x00@2]\x0c+\x1fj\x11I"\x13\x05\x14\x16MgM9FF/\x1bX\x0b(\x18\t'
b'\x1a\x0e\x1cC\x00\x0e\x1a#\x1040\x14@ +-\x13%E-\x08\x11\x01\x11\x16\x17\x0b\x10\x7f\x1a=\x08=\x1dB\x01q\x10\t\n\x14R\x03Y\x1eM\x7f\\\x0c8\x1e$FI"DR\x01\x17\x19(I"\x0fL#\x15\x1dI4\x03\x08'
b"\x14O\x00\x11\x06\t\t$\x103*\x0bY;8h\r?\x0b4\x04\x0f\x14T\x11\x1a\x04\x10\x7f\x17'\x0b9\x17E\x1c;\x10$\r\x04R\x15F\x17S>W\x0cy\x1c8\tF?R\x1f\x18\x1dKi\x19\x0f\tTj\x18\x11\x05!L\x11"
b"M\x0e\x0b\x07T\x15\x141D >\x0bUu<'\x0c&\n1\x08\x0f\x07\x07E\x06\r\x05+T8\x00-\x1e_\x002\x10#\x0c\x0c\x1b\x18Q\x00\x019E\x07:\x18#\tO>\x1dR!\x10P4\x194\tN!O\x11\x1am\x1b\x0f"
b'\tO\x11\x0b\x11F\x1a!U%>\x1eUu/:\x0e1\x17>\x00\x0c\x16\x06KR<\x0b*T?\x0c3\x14\x10\x1e:Q"\x0bA\x1a\x1bGRU0\x10\x1e+\x05>\x03\x014\\\x07\x07XV0Wv3O#\x17X\x1a%\t\x11'
b'\x1d\x1d\n\x04\x06\x07\x16$\x1ew\x06\x16Eu>:\x04v\x020\x04\x0f\x14T\x11\x1dE\x08:\x15:\x0b\x7f\x08B\x13<D9\x06\x00\x1eTC\x19H3\\\x1ay\x1f?\x05ImR\x01U\x10V0\x19"\t\x01+\x19\x17\x00)L\x0e'
b'\x08\x01E\x1a\x1b\x13\tw_ 1Yg0=h\x123\x17)\x08\x13]T<\x1d\x10D(\x1d$\t\x7f\x14U\x13-^p\x11\t\x17T@\x00N2Y\x1a<\x1fj\x07O)\x13\x02\x1c\x0c_&U:\x15\x01%\tX\n"\x02\x1e'
b'\x08\x1b\r\x06\x06F\x0f8\x10%*\x17\x104/8\r?\x06>\x19\x08\x1c\x1aE\x02\x17\x0b8\x06)\x08,V\x10!/U3\x0c\x07\x1b\x17\x10\x1bL/\\\x0c4\t$\x12@9Z\x1d\x1b\x0b\x19(_v\x15X9\x1b\x1d\x04>L\x1e'
b"\x02\x1a\x0b\x07T\x12\x132\x106)\x1cB48-A&\x170\n\x13\x12\x19\x08\x17\x17J\x7f-'\x10\x7f\x0fY\x1e3\x10<\x00\x00\x00\x1a\x10\x1aN(\x10\x1d6L=\x14H9VR\x0c\x17L5\x199\x11Oj:\x16\x005L\x0e"
b'\x0e\x00\x0b\x00\x11\x16\x0f$\x10>1YD=6;A4\n0\x06MS\x00\r\x17\x0bD&\x1b=E(\x11\\\x1e\x7fR5E\x0e\x1cTI\x1dT-\x10\x1e8\x15j\x12NmQ\x17\x16\x17T.W1F@j\x1d\x19\x1b(L\x9f'
b'M\x0c\n\r\x12\t\x0e9Tw+\x11Uu>>\x04$\x048\x08A\x03\x06\n\x15\x17\x052\x19-\x17qXi\x1d*\x10\'\x0c\r\x1eT\\\x17@-^I1\x03=FU"\x13\x05\x07\x11M"\x19/\tT8O\x17\x1e#L('
b"\x00\n\x0b\x17\x07F\x0b%_4:\x1dE':h\x027\t3\x1eA\x12\x1a\x01R\r\x0b(T<\n\x7f\rC\x17\x7fD8\x0c\x12R\x1f^\x1dV3U\r>\tj\x12NmR\x04\x1a\x11]gM>\x03\x019\n\x1b\x1c?\x05\t"
b'M\x0b\x10\x11\x1d\x08\x1cw\\>1\x12Y;8h\x15>\x04+M\x02\x1c\x1a\x03\x1d\x10\n;T<\r:XQ\x04:B1\x02\x04R\x04B\x1dF-Q\x044\t8H\x01\x14\\\x07U\x0fP+Uv\nD+\x1d\x16I%\x03\n'
b'\x05\nE\x14\x15\x1f[#X6+YS:28\x14"\x00-\x1eA\x01\x11\x15\x00\x00\x17:\x1a<E1\r]\x10:B#KA+\x1bERV6\\\x05y\x00/\x07S#\x13\x1a\x1a\x0f\x193Vv\tQ>\x06\x15\x007\t]'
b'\x03\x0b\x00\x11\x18\x1f\x129Ww<\x16]%*<\x04$E,\x14\x12\x07\x11\x08R\x04\n;T!\x11,XY\x1f/Q3\x11A\x1d\x1a\x10\x0bN*BI8\x1c:\nH.R\x06\x1c\x17WgI$\tF8\x0e\x15\x1acL$'
b'\x03\x1b\x00\x11\x1a\x03\x0fwC89\rG4--Ov<0\x18A\x04\x1d\t\x1eE\x08:\x15:\x0b\x7f\x10_\x05\x7fD?E\x13\x17\x17_\x15O6J\x0cy\r$\x02\x01,E\x1d\x1c\x1c\x193Q3FO+\x1c\x0c\x10m\t\x0f'
b'\x02\x02\x15\x16\x00\x03\twC.,\rU8,h\t7\x13:M\x12\x1a\x19\x0c\x1e\x04\x16\x7f\x1c)\x17;\x0fQ\x00:\x101\x0b\x05R\x07_\x14U(Q\x1b<L)\tL=\\\x1c\x10\x16M4\x19"\x0e@>O\x08\x0c?\n\x12'
b'\x03\x06\x1dC\x07\x0e\x1e;\\{\x7f\x00_ -h\x0e!\x0b\x7f\t\x18\x1d\x15\x08\x1b\x06D,\x00\'\x17>\x1fUR>\\<\n\x02\x13\x00Y\x1dO\x7f@\x08:\x07+\x01Da\x13\x13\x1b\x1c\x19"O3\x08\x013\x00\r\x1bm\x03\n'
b"\x01\n\x04\x11\x1aF\x138Gw+\x11Uu<'\x0c&\x0c3\x08\x13S\x1d\x08\x02\t\x012\x11&\x11,X@\x000S5\x01\x14\x00\x11\x10\x11@3\\\x1ay\r$\x02\x01%\\\x05U\x0cVgL%\x03\x01>\x07\x11\x1am\x07\x13"
b"\x01\n\x04\x11\x1aF\x138Gw+\x16\x10':+\x0e1\x0b6\x17\x04S\x15\x0b\x16E\x05)\x1b!\x01\x7f\x0cX\x17\x7f^1\x16\x15\x0bTU\x00S0B\x1ay\x08?\x14H#TR\x19\x11W,P8\x01\x01>\x07\x19\x1dm\x0f\x12"
b"M\x0e\x0b\x07T\x03\r2^w&\x16E'\x7f'\x168E\x08\x08\x03S\x07\x00\x00\x13\x01-Zh<0\r\x10\x056\\<E\r\x17\x15B\x1c\x01+X\x0cy\x1c8\tL$@\x17\x06XX)]v\x16H>\t\x19\x05!\x1f]"
b'\x1d\x06\t\x06\x06F\x12:@;:\x14U;+;A&\x170\x0e\x04\x17\x01\x17\x17E\x07>\x18$\x16\x7f\x19^\x16\x7fX?\x12A\x06\x1b\x10\x07R:\x10\x1d1\x059FJ#\\\x05\x19\x1d] \\v\x12Nj\x0e\x0e\x06$\x08]'
b'\x8f\xef\xf8C\x11\x08\x17>W?+\x1c^0;h\x03/E>\x03A\x06\x1a\x01\x17\x17\x17+\x15&\x016\x16WR0Vp\x11\t\x17TE\x1cE:B\x05 \x05$\x01\x01.\\\x1f\x05\rM"Kv\x15X9\x1b\x1d\x04m\r\x13'
b'\x03O\x03\x0c\x06F\x0b%_0-\x18]8::\x12v\x127\x02A\x04\x15\x0b\x06E\x100T/\x00+XR\x17+D5\x17A\x13\x00\x10\x06I:Y\x1by\x0f8\x07G9\x13\x10\x0cXL)]3\x14R>\x0e\x16\r$\x02\x1a'
b'\x02\x18\t\x06\x10\x01\x1ewD8\x7f\x18F:6,A"\r:M\x12\x16\x17\x10\x00\x0c\x10&T \n3\x1dCR9B?\x08A\x10\x01V\x14D-\x10\x06/\t8\x00M"DR\x03\rU)\\$\x07C#\x03\x11\x1d$\t\x0e'
b"\x06O\x11\x0cT\x01\x1e#X2-YD:\x7f:\x148E>\x1d\x11\x1f\x1d\x06\x13\x11\r0\x1ah\x15-\x17W\x00>]#KA!\x04U\x11H9Y\ny\x05'\x16M(^\x17\x1b\x0cX3P9\x08Rj\x00\x1eI>\x15\x0e"
b"\x08O\x1c\x0c\x01\x14[8G9\x7f,^<'h\x12>\x003\x01MS\r\n\x07\x17D0\x03&E;\x01^\x132Y3E\x12\x06\x1bB\x13F:\x10\x085\x00%\x05@9Z\x1d\x1bXI&Z=\x07F/CX\x08#\x08]"
b"M6\n\x16T\x11\x12;\\w3\x1cQ'1h\t9\x12\x7f\x19\x0eS\x1b\x15\x06\x0c\t6\x0e-E&\x17E\x00\x7fsp\x06\x0e\x16\x11\x10\x10X\x7fE\x1a0\x02-FB!V\x04\x10\n\x193K?\x05J9O\x0c\x01,\x18]"
b"M\x0e\x0b\x07T\x0b\x1e:_%&YC,,<\x04;\x16qM8\x1c\x01E\x05\x0c\x083T$\x00>\n^R7_'E\x15\x1a\x11\x10\x11N2@\x005\t8FH C\x1e\x10\x15\\)M%FQ8\x00\x1b\x0c)\x19\x0f"
